2023-11-23 07:21:41,773 [INFO] com.upendra.student.StudentApplication [main] Starting StudentApplication using Java 17.0.6 on inlen8520043807 with PID 8840 (C:\Java NOV 20\Student\target\classes started by urambark in C:\Java NOV 20\Student)
2023-11-23 07:21:41,784 [DEBUG] com.upendra.student.StudentApplication [main] Running with Spring Boot v2.7.11-SNAPSHOT, Spring v5.3.27
2023-11-23 07:21:41,785 [INFO] com.upendra.student.StudentApplication [main] No active profile set, falling back to 1 default profile: "default"
2023-11-23 07:21:42,836 [INFO] org.springframework.data.repository.config.RepositoryConfigurationDelegate [main] Bootstrapping Spring Data MongoDB repositories in DEFAULT mode.
2023-11-23 07:21:42,917 [INFO] org.springframework.data.repository.config.RepositoryConfigurationDelegate [main] Finished Spring Data repository scanning in 73 ms. Found 1 MongoDB repository interfaces.
2023-11-23 07:21:43,696 [INFO] org.springframework.boot.web.embedded.tomcat.TomcatWebServer [main] Tomcat initialized with port(s): 8081 (http)
2023-11-23 07:21:43,723 [INFO] org.apache.catalina.core.StandardService [main] Starting service [Tomcat]
2023-11-23 07:21:43,724 [INFO] org.apache.catalina.core.StandardEngine [main] Starting Servlet engine: [Apache Tomcat/9.0.74]
2023-11-23 07:21:43,962 [INFO] org.apache.catalina.core.ContainerBase.[Tomcat].[localhost].[/] [main] Initializing Spring embedded WebApplicationContext
2023-11-23 07:21:43,963 [INFO] org.springframework.boot.web.servlet.context.ServletWebServerApplicationContext [main] Root WebApplicationContext: initialization completed in 2054 ms
2023-11-23 07:21:44,326 [INFO] org.mongodb.driver.cluster [cluster-ClusterId{value='655eb0308d1e07400c03f743', description='null'}-srv-test.hftd7.mongodb.net] Adding discovered server test-shard-00-01.hftd7.mongodb.net:27017 to client view of cluster
2023-11-23 07:21:44,355 [INFO] org.mongodb.driver.client [main] MongoClient with metadata {"driver": {"name": "mongo-java-driver|sync|spring-boot", "version": "4.6.1"}, "os": {"type": "Windows", "name": "Windows 11", "architecture": "amd64", "version": "10.0"}, "platform": "Java/Eclipse Adoptium/17.0.6+10"} created with settings MongoClientSettings{readPreference=primary, writeConcern=WriteConcern{w=null, wTimeout=null ms, journal=null}, retryWrites=true, retryReads=true, readConcern=ReadConcern{level=null}, credential=MongoCredential{mechanism=null, userName='upendrarambarki', source='admin', password=<hidden>, mechanismProperties=<hidden>}, streamFactoryFactory=null, commandListeners=[], codecRegistry=ProvidersCodecRegistry{codecProviders=[ValueCodecProvider{}, BsonValueCodecProvider{}, DBRefCodecProvider{}, DBObjectCodecProvider{}, DocumentCodecProvider{}, IterableCodecProvider{}, MapCodecProvider{}, GeoJsonCodecProvider{}, GridFSFileCodecProvider{}, Jsr310CodecProvider{}, JsonObjectCodecProvider{}, BsonCodecProvider{}, EnumCodecProvider{}, com.mongodb.Jep395RecordCodecProvider@c7f4457]}, clusterSettings={hosts=[127.0.0.1:27017], srvHost=test.hftd7.mongodb.net, srvServiceName=mongodb, mode=MULTIPLE, requiredClusterType=REPLICA_SET, requiredReplicaSetName='atlas-w4167a-shard-0', serverSelector='null', clusterListeners='[]', serverSelectionTimeout='30000 ms', localThreshold='30000 ms'}, socketSettings=SocketSettings{connectTimeoutMS=10000, readTimeoutMS=0, receiveBufferSize=0, sendBufferSize=0}, heartbeatSocketSettings=SocketSettings{connectTimeoutMS=10000, readTimeoutMS=10000, receiveBufferSize=0, sendBufferSize=0}, connectionPoolSettings=ConnectionPoolSettings{maxSize=100, minSize=0, maxWaitTimeMS=120000, maxConnectionLifeTimeMS=0, maxConnectionIdleTimeMS=0, maintenanceInitialDelayMS=0, maintenanceFrequencyMS=60000, connectionPoolListeners=[], maxConnecting=2}, serverSettings=ServerSettings{heartbeatFrequencyMS=10000, minHeartbeatFrequencyMS=500, serverListeners='[]', serverMonitorListeners='[]'}, sslSettings=SslSettings{enabled=true, invalidHostNameAllowed=false, context=null}, applicationName='null', compressorList=[], uuidRepresentation=JAVA_LEGACY, serverApi=null, autoEncryptionSettings=null, contextProvider=null}
2023-11-23 07:21:44,365 [INFO] org.mongodb.driver.cluster [cluster-ClusterId{value='655eb0308d1e07400c03f743', description='null'}-srv-test.hftd7.mongodb.net] Adding discovered server test-shard-00-00.hftd7.mongodb.net:27017 to client view of cluster
2023-11-23 07:21:44,367 [INFO] org.mongodb.driver.cluster [cluster-ClusterId{value='655eb0308d1e07400c03f743', description='null'}-srv-test.hftd7.mongodb.net] Adding discovered server test-shard-00-02.hftd7.mongodb.net:27017 to client view of cluster
2023-11-23 07:21:45,029 [INFO] org.mongodb.driver.connection [cluster-ClusterId{value='655eb0308d1e07400c03f743', description='null'}-test-shard-00-02.hftd7.mongodb.net:27017] Opened connection [connectionId{localValue:2, serverValue:11249}] to test-shard-00-02.hftd7.mongodb.net:27017
2023-11-23 07:21:45,029 [INFO] org.mongodb.driver.connection [cluster-ClusterId{value='655eb0308d1e07400c03f743', description='null'}-test-shard-00-01.hftd7.mongodb.net:27017] Opened connection [connectionId{localValue:1, serverValue:14216}] to test-shard-00-01.hftd7.mongodb.net:27017
2023-11-23 07:21:45,029 [INFO] org.mongodb.driver.connection [cluster-rtt-ClusterId{value='655eb0308d1e07400c03f743', description='null'}-test-shard-00-01.hftd7.mongodb.net:27017] Opened connection [connectionId{localValue:4, serverValue:14215}] to test-shard-00-01.hftd7.mongodb.net:27017
2023-11-23 07:21:45,029 [INFO] org.mongodb.driver.connection [cluster-rtt-ClusterId{value='655eb0308d1e07400c03f743', description='null'}-test-shard-00-02.hftd7.mongodb.net:27017] Opened connection [connectionId{localValue:3, serverValue:11250}] to test-shard-00-02.hftd7.mongodb.net:27017
2023-11-23 07:21:45,029 [INFO] org.mongodb.driver.connection [cluster-rtt-ClusterId{value='655eb0308d1e07400c03f743', description='null'}-test-shard-00-00.hftd7.mongodb.net:27017] Opened connection [connectionId{localValue:5, serverValue:13738}] to test-shard-00-00.hftd7.mongodb.net:27017
2023-11-23 07:21:45,029 [INFO] org.mongodb.driver.connection [cluster-ClusterId{value='655eb0308d1e07400c03f743', description='null'}-test-shard-00-00.hftd7.mongodb.net:27017] Opened connection [connectionId{localValue:6, serverValue:13738}] to test-shard-00-00.hftd7.mongodb.net:27017
2023-11-23 07:21:45,030 [INFO] org.mongodb.driver.cluster [cluster-ClusterId{value='655eb0308d1e07400c03f743', description='null'}-test-shard-00-01.hftd7.mongodb.net:27017] Monitor thread successfully connected to server with description ServerDescription{address=test-shard-00-01.hftd7.mongodb.net:27017, type=REPLICA_SET_PRIMARY, state=CONNECTED, ok=true, minWireVersion=0, maxWireVersion=17, maxDocumentSize=16777216, logicalSessionTimeoutMinutes=30, roundTripTimeNanos=323057300, setName='atlas-w4167a-shard-0', canonicalAddress=test-shard-00-01.hftd7.mongodb.net:27017, hosts=[test-shard-00-00.hftd7.mongodb.net:27017, test-shard-00-01.hftd7.mongodb.net:27017, test-shard-00-02.hftd7.mongodb.net:27017], passives=[], arbiters=[], primary='test-shard-00-01.hftd7.mongodb.net:27017', tagSet=TagSet{[Tag{name='availabilityZone', value='aps1-az3'}, Tag{name='nodeType', value='ELECTABLE'}, Tag{name='provider', value='AWS'}, Tag{name='region', value='AP_SOUTH_1'}, Tag{name='workloadType', value='OPERATIONAL'}]}, electionId=7fffffff0000000000000007, setVersion=1, topologyVersion=TopologyVersion{processId=655e35722a7c9ddd64447e58, counter=6}, lastWriteDate=Thu Nov 23 07:21:44 IST 2023, lastUpdateTimeNanos=77378113539400}
2023-11-23 07:21:45,030 [INFO] org.mongodb.driver.cluster [cluster-ClusterId{value='655eb0308d1e07400c03f743', description='null'}-test-shard-00-02.hftd7.mongodb.net:27017] Monitor thread successfully connected to server with description ServerDescription{address=test-shard-00-02.hftd7.mongodb.net:27017, type=REPLICA_SET_SECONDARY, state=CONNECTED, ok=true, minWireVersion=0, maxWireVersion=17, maxDocumentSize=16777216, logicalSessionTimeoutMinutes=30, roundTripTimeNanos=320990800, setName='atlas-w4167a-shard-0', canonicalAddress=test-shard-00-02.hftd7.mongodb.net:27017, hosts=[test-shard-00-00.hftd7.mongodb.net:27017, test-shard-00-01.hftd7.mongodb.net:27017, test-shard-00-02.hftd7.mongodb.net:27017], passives=[], arbiters=[], primary='test-shard-00-01.hftd7.mongodb.net:27017', tagSet=TagSet{[Tag{name='availabilityZone', value='aps1-az2'}, Tag{name='nodeType', value='ELECTABLE'}, Tag{name='provider', value='AWS'}, Tag{name='region', value='AP_SOUTH_1'}, Tag{name='workloadType', value='OPERATIONAL'}]}, electionId=null, setVersion=1, topologyVersion=TopologyVersion{processId=655e367b3c4042f1feac1ce3, counter=3}, lastWriteDate=Thu Nov 23 07:21:44 IST 2023, lastUpdateTimeNanos=77378113521000}
2023-11-23 07:21:45,030 [INFO] org.mongodb.driver.cluster [cluster-ClusterId{value='655eb0308d1e07400c03f743', description='null'}-test-shard-00-00.hftd7.mongodb.net:27017] Monitor thread successfully connected to server with description ServerDescription{address=test-shard-00-00.hftd7.mongodb.net:27017, type=REPLICA_SET_SECONDARY, state=CONNECTED, ok=true, minWireVersion=0, maxWireVersion=17, maxDocumentSize=16777216, logicalSessionTimeoutMinutes=30, roundTripTimeNanos=321177300, setName='atlas-w4167a-shard-0', canonicalAddress=test-shard-00-00.hftd7.mongodb.net:27017, hosts=[test-shard-00-00.hftd7.mongodb.net:27017, test-shard-00-01.hftd7.mongodb.net:27017, test-shard-00-02.hftd7.mongodb.net:27017], passives=[], arbiters=[], primary='test-shard-00-01.hftd7.mongodb.net:27017', tagSet=TagSet{[Tag{name='availabilityZone', value='aps1-az1'}, Tag{name='nodeType', value='ELECTABLE'}, Tag{name='provider', value='AWS'}, Tag{name='region', value='AP_SOUTH_1'}, Tag{name='workloadType', value='OPERATIONAL'}]}, electionId=null, setVersion=1, topologyVersion=TopologyVersion{processId=655e347518ca01fbddb2f7de, counter=4}, lastWriteDate=Thu Nov 23 07:21:44 IST 2023, lastUpdateTimeNanos=77378113521000}
2023-11-23 07:21:45,037 [INFO] org.mongodb.driver.cluster [cluster-ClusterId{value='655eb0308d1e07400c03f743', description='null'}-test-shard-00-01.hftd7.mongodb.net:27017] Setting max election id to 7fffffff0000000000000007 from replica set primary test-shard-00-01.hftd7.mongodb.net:27017
2023-11-23 07:21:45,037 [INFO] org.mongodb.driver.cluster [cluster-ClusterId{value='655eb0308d1e07400c03f743', description='null'}-test-shard-00-01.hftd7.mongodb.net:27017] Setting max set version to 1 from replica set primary test-shard-00-01.hftd7.mongodb.net:27017
2023-11-23 07:21:45,038 [INFO] org.mongodb.driver.cluster [cluster-ClusterId{value='655eb0308d1e07400c03f743', description='null'}-test-shard-00-01.hftd7.mongodb.net:27017] Discovered replica set primary test-shard-00-01.hftd7.mongodb.net:27017
2023-11-23 07:21:46,259 [INFO] org.springframework.boot.web.embedded.tomcat.TomcatWebServer [main] Tomcat started on port(s): 8081 (http) with context path ''
2023-11-23 07:21:46,278 [INFO] com.upendra.student.StudentApplication [main] Started StudentApplication in 5.206 seconds (JVM running for 6.702)
2023-11-23 07:21:58,586 [INFO] org.apache.catalina.core.ContainerBase.[Tomcat].[localhost].[/] [http-nio-8081-exec-1] Initializing Spring DispatcherServlet 'dispatcherServlet'
2023-11-23 07:21:58,586 [INFO] org.springframework.web.servlet.DispatcherServlet [http-nio-8081-exec-1] Initializing Servlet 'dispatcherServlet'
2023-11-23 07:21:58,587 [INFO] org.springframework.web.servlet.DispatcherServlet [http-nio-8081-exec-1] Completed initialization in 1 ms
2023-11-23 07:21:59,247 [INFO] org.springdoc.api.AbstractOpenApiResource [http-nio-8081-exec-9] Init duration for springdoc-openapi is: 386 ms
2023-11-23 07:22:13,886 [TRACE] com.upendra.student.controller.StudentCont [http-nio-8081-exec-10] getting by name
2023-11-23 07:22:14,195 [INFO] org.mongodb.driver.connection [http-nio-8081-exec-10] Opened connection [connectionId{localValue:7, serverValue:14214}] to test-shard-00-01.hftd7.mongodb.net:27017
2023-11-23 07:22:15,345 [TRACE] com.upendra.student.controller.StudentCont [http-nio-8081-exec-1] getting by name
2023-11-23 07:23:55,273 [INFO] org.springframework.boot.admin.SpringApplicationAdminMXBeanRegistrar$SpringApplicationAdmin [RMI TCP Connection(4)-127.0.0.1] Application shutdown requested.
2023-11-23 07:23:55,299 [INFO] org.apache.catalina.core.StandardService [RMI TCP Connection(4)-127.0.0.1] Stopping service [Tomcat]
2023-11-23 07:23:55,302 [INFO] org.apache.catalina.core.ContainerBase.[Tomcat].[localhost].[/] [RMI TCP Connection(4)-127.0.0.1] Destroying Spring FrameworkServlet 'dispatcherServlet'
2023-11-23 07:23:59,503 [INFO] com.upendra.student.StudentApplication [main] Starting StudentApplication using Java 17.0.6 on inlen8520043807 with PID 22848 (C:\Java NOV 20\Student\target\classes started by urambark in C:\Java NOV 20\Student)
2023-11-23 07:23:59,509 [DEBUG] com.upendra.student.StudentApplication [main] Running with Spring Boot v2.7.11-SNAPSHOT, Spring v5.3.27
2023-11-23 07:23:59,510 [INFO] com.upendra.student.StudentApplication [main] No active profile set, falling back to 1 default profile: "default"
2023-11-23 07:24:00,622 [INFO] org.springframework.data.repository.config.RepositoryConfigurationDelegate [main] Bootstrapping Spring Data MongoDB repositories in DEFAULT mode.
2023-11-23 07:24:00,696 [INFO] org.springframework.data.repository.config.RepositoryConfigurationDelegate [main] Finished Spring Data repository scanning in 68 ms. Found 1 MongoDB repository interfaces.
2023-11-23 07:24:01,265 [INFO] org.springframework.boot.web.embedded.tomcat.TomcatWebServer [main] Tomcat initialized with port(s): 8081 (http)
2023-11-23 07:24:01,277 [INFO] org.apache.catalina.core.StandardService [main] Starting service [Tomcat]
2023-11-23 07:24:01,277 [INFO] org.apache.catalina.core.StandardEngine [main] Starting Servlet engine: [Apache Tomcat/9.0.74]
2023-11-23 07:24:01,466 [INFO] org.apache.catalina.core.ContainerBase.[Tomcat].[localhost].[/] [main] Initializing Spring embedded WebApplicationContext
2023-11-23 07:24:01,467 [INFO] org.springframework.boot.web.servlet.context.ServletWebServerApplicationContext [main] Root WebApplicationContext: initialization completed in 1838 ms
2023-11-23 07:24:01,789 [INFO] org.mongodb.driver.cluster [cluster-ClusterId{value='655eb0b984667c6c6a57585d', description='null'}-srv-test.hftd7.mongodb.net] Adding discovered server test-shard-00-01.hftd7.mongodb.net:27017 to client view of cluster
2023-11-23 07:24:01,833 [INFO] org.mongodb.driver.client [main] MongoClient with metadata {"driver": {"name": "mongo-java-driver|sync|spring-boot", "version": "4.6.1"}, "os": {"type": "Windows", "name": "Windows 11", "architecture": "amd64", "version": "10.0"}, "platform": "Java/Eclipse Adoptium/17.0.6+10"} created with settings MongoClientSettings{readPreference=primary, writeConcern=WriteConcern{w=null, wTimeout=null ms, journal=null}, retryWrites=true, retryReads=true, readConcern=ReadConcern{level=null}, credential=MongoCredential{mechanism=null, userName='upendrarambarki', source='admin', password=<hidden>, mechanismProperties=<hidden>}, streamFactoryFactory=null, commandListeners=[], codecRegistry=ProvidersCodecRegistry{codecProviders=[ValueCodecProvider{}, BsonValueCodecProvider{}, DBRefCodecProvider{}, DBObjectCodecProvider{}, DocumentCodecProvider{}, IterableCodecProvider{}, MapCodecProvider{}, GeoJsonCodecProvider{}, GridFSFileCodecProvider{}, Jsr310CodecProvider{}, JsonObjectCodecProvider{}, BsonCodecProvider{}, EnumCodecProvider{}, com.mongodb.Jep395RecordCodecProvider@2668c286]}, clusterSettings={hosts=[127.0.0.1:27017], srvHost=test.hftd7.mongodb.net, srvServiceName=mongodb, mode=MULTIPLE, requiredClusterType=REPLICA_SET, requiredReplicaSetName='atlas-w4167a-shard-0', serverSelector='null', clusterListeners='[]', serverSelectionTimeout='30000 ms', localThreshold='30000 ms'}, socketSettings=SocketSettings{connectTimeoutMS=10000, readTimeoutMS=0, receiveBufferSize=0, sendBufferSize=0}, heartbeatSocketSettings=SocketSettings{connectTimeoutMS=10000, readTimeoutMS=10000, receiveBufferSize=0, sendBufferSize=0}, connectionPoolSettings=ConnectionPoolSettings{maxSize=100, minSize=0, maxWaitTimeMS=120000, maxConnectionLifeTimeMS=0, maxConnectionIdleTimeMS=0, maintenanceInitialDelayMS=0, maintenanceFrequencyMS=60000, connectionPoolListeners=[], maxConnecting=2}, serverSettings=ServerSettings{heartbeatFrequencyMS=10000, minHeartbeatFrequencyMS=500, serverListeners='[]', serverMonitorListeners='[]'}, sslSettings=SslSettings{enabled=true, invalidHostNameAllowed=false, context=null}, applicationName='null', compressorList=[], uuidRepresentation=JAVA_LEGACY, serverApi=null, autoEncryptionSettings=null, contextProvider=null}
2023-11-23 07:24:01,844 [INFO] org.mongodb.driver.cluster [cluster-ClusterId{value='655eb0b984667c6c6a57585d', description='null'}-srv-test.hftd7.mongodb.net] Adding discovered server test-shard-00-00.hftd7.mongodb.net:27017 to client view of cluster
2023-11-23 07:24:01,846 [INFO] org.mongodb.driver.cluster [cluster-ClusterId{value='655eb0b984667c6c6a57585d', description='null'}-srv-test.hftd7.mongodb.net] Adding discovered server test-shard-00-02.hftd7.mongodb.net:27017 to client view of cluster
2023-11-23 07:24:02,501 [INFO] org.mongodb.driver.connection [cluster-rtt-ClusterId{value='655eb0b984667c6c6a57585d', description='null'}-test-shard-00-01.hftd7.mongodb.net:27017] Opened connection [connectionId{localValue:3, serverValue:14247}] to test-shard-00-01.hftd7.mongodb.net:27017
2023-11-23 07:24:02,501 [INFO] org.mongodb.driver.connection [cluster-ClusterId{value='655eb0b984667c6c6a57585d', description='null'}-test-shard-00-02.hftd7.mongodb.net:27017] Opened connection [connectionId{localValue:6, serverValue:11282}] to test-shard-00-02.hftd7.mongodb.net:27017
2023-11-23 07:24:02,501 [INFO] org.mongodb.driver.connection [cluster-rtt-ClusterId{value='655eb0b984667c6c6a57585d', description='null'}-test-shard-00-00.hftd7.mongodb.net:27017] Opened connection [connectionId{localValue:5, serverValue:13768}] to test-shard-00-00.hftd7.mongodb.net:27017
2023-11-23 07:24:02,501 [INFO] org.mongodb.driver.connection [cluster-rtt-ClusterId{value='655eb0b984667c6c6a57585d', description='null'}-test-shard-00-02.hftd7.mongodb.net:27017] Opened connection [connectionId{localValue:2, serverValue:11281}] to test-shard-00-02.hftd7.mongodb.net:27017
2023-11-23 07:24:02,501 [INFO] org.mongodb.driver.connection [cluster-ClusterId{value='655eb0b984667c6c6a57585d', description='null'}-test-shard-00-00.hftd7.mongodb.net:27017] Opened connection [connectionId{localValue:4, serverValue:13768}] to test-shard-00-00.hftd7.mongodb.net:27017
2023-11-23 07:24:02,501 [INFO] org.mongodb.driver.connection [cluster-ClusterId{value='655eb0b984667c6c6a57585d', description='null'}-test-shard-00-01.hftd7.mongodb.net:27017] Opened connection [connectionId{localValue:1, serverValue:14245}] to test-shard-00-01.hftd7.mongodb.net:27017
2023-11-23 07:24:02,502 [INFO] org.mongodb.driver.cluster [cluster-ClusterId{value='655eb0b984667c6c6a57585d', description='null'}-test-shard-00-00.hftd7.mongodb.net:27017] Monitor thread successfully connected to server with description ServerDescription{address=test-shard-00-00.hftd7.mongodb.net:27017, type=REPLICA_SET_SECONDARY, state=CONNECTED, ok=true, minWireVersion=0, maxWireVersion=17, maxDocumentSize=16777216, logicalSessionTimeoutMinutes=30, roundTripTimeNanos=358587500, setName='atlas-w4167a-shard-0', canonicalAddress=test-shard-00-00.hftd7.mongodb.net:27017, hosts=[test-shard-00-00.hftd7.mongodb.net:27017, test-shard-00-01.hftd7.mongodb.net:27017, test-shard-00-02.hftd7.mongodb.net:27017], passives=[], arbiters=[], primary='test-shard-00-01.hftd7.mongodb.net:27017', tagSet=TagSet{[Tag{name='availabilityZone', value='aps1-az1'}, Tag{name='nodeType', value='ELECTABLE'}, Tag{name='provider', value='AWS'}, Tag{name='region', value='AP_SOUTH_1'}, Tag{name='workloadType', value='OPERATIONAL'}]}, electionId=null, setVersion=1, topologyVersion=TopologyVersion{processId=655e347518ca01fbddb2f7de, counter=4}, lastWriteDate=Thu Nov 23 07:24:02 IST 2023, lastUpdateTimeNanos=77515583585000}
2023-11-23 07:24:02,502 [INFO] org.mongodb.driver.cluster [cluster-ClusterId{value='655eb0b984667c6c6a57585d', description='null'}-test-shard-00-01.hftd7.mongodb.net:27017] Monitor thread successfully connected to server with description ServerDescription{address=test-shard-00-01.hftd7.mongodb.net:27017, type=REPLICA_SET_PRIMARY, state=CONNECTED, ok=true, minWireVersion=0, maxWireVersion=17, maxDocumentSize=16777216, logicalSessionTimeoutMinutes=30, roundTripTimeNanos=358330100, setName='atlas-w4167a-shard-0', canonicalAddress=test-shard-00-01.hftd7.mongodb.net:27017, hosts=[test-shard-00-00.hftd7.mongodb.net:27017, test-shard-00-01.hftd7.mongodb.net:27017, test-shard-00-02.hftd7.mongodb.net:27017], passives=[], arbiters=[], primary='test-shard-00-01.hftd7.mongodb.net:27017', tagSet=TagSet{[Tag{name='availabilityZone', value='aps1-az3'}, Tag{name='nodeType', value='ELECTABLE'}, Tag{name='provider', value='AWS'}, Tag{name='region', value='AP_SOUTH_1'}, Tag{name='workloadType', value='OPERATIONAL'}]}, electionId=7fffffff0000000000000007, setVersion=1, topologyVersion=TopologyVersion{processId=655e35722a7c9ddd64447e58, counter=6}, lastWriteDate=Thu Nov 23 07:24:02 IST 2023, lastUpdateTimeNanos=77515583577100}
2023-11-23 07:24:02,502 [INFO] org.mongodb.driver.cluster [cluster-ClusterId{value='655eb0b984667c6c6a57585d', description='null'}-test-shard-00-02.hftd7.mongodb.net:27017] Monitor thread successfully connected to server with description ServerDescription{address=test-shard-00-02.hftd7.mongodb.net:27017, type=REPLICA_SET_SECONDARY, state=CONNECTED, ok=true, minWireVersion=0, maxWireVersion=17, maxDocumentSize=16777216, logicalSessionTimeoutMinutes=30, roundTripTimeNanos=358475500, setName='atlas-w4167a-shard-0', canonicalAddress=test-shard-00-02.hftd7.mongodb.net:27017, hosts=[test-shard-00-00.hftd7.mongodb.net:27017, test-shard-00-01.hftd7.mongodb.net:27017, test-shard-00-02.hftd7.mongodb.net:27017], passives=[], arbiters=[], primary='test-shard-00-01.hftd7.mongodb.net:27017', tagSet=TagSet{[Tag{name='availabilityZone', value='aps1-az2'}, Tag{name='nodeType', value='ELECTABLE'}, Tag{name='provider', value='AWS'}, Tag{name='region', value='AP_SOUTH_1'}, Tag{name='workloadType', value='OPERATIONAL'}]}, electionId=null, setVersion=1, topologyVersion=TopologyVersion{processId=655e367b3c4042f1feac1ce3, counter=3}, lastWriteDate=Thu Nov 23 07:24:02 IST 2023, lastUpdateTimeNanos=77515583577100}
2023-11-23 07:24:02,507 [INFO] org.mongodb.driver.cluster [cluster-ClusterId{value='655eb0b984667c6c6a57585d', description='null'}-test-shard-00-01.hftd7.mongodb.net:27017] Setting max election id to 7fffffff0000000000000007 from replica set primary test-shard-00-01.hftd7.mongodb.net:27017
2023-11-23 07:24:02,509 [INFO] org.mongodb.driver.cluster [cluster-ClusterId{value='655eb0b984667c6c6a57585d', description='null'}-test-shard-00-01.hftd7.mongodb.net:27017] Setting max set version to 1 from replica set primary test-shard-00-01.hftd7.mongodb.net:27017
2023-11-23 07:24:02,509 [INFO] org.mongodb.driver.cluster [cluster-ClusterId{value='655eb0b984667c6c6a57585d', description='null'}-test-shard-00-01.hftd7.mongodb.net:27017] Discovered replica set primary test-shard-00-01.hftd7.mongodb.net:27017
2023-11-23 07:24:03,623 [INFO] org.springframework.boot.web.embedded.tomcat.TomcatWebServer [main] Tomcat started on port(s): 8081 (http) with context path ''
2023-11-23 07:24:03,639 [INFO] com.upendra.student.StudentApplication [main] Started StudentApplication in 4.955 seconds (JVM running for 6.505)
2023-11-23 07:24:09,658 [INFO] org.apache.catalina.core.ContainerBase.[Tomcat].[localhost].[/] [http-nio-8081-exec-1] Initializing Spring DispatcherServlet 'dispatcherServlet'
2023-11-23 07:24:09,658 [INFO] org.springframework.web.servlet.DispatcherServlet [http-nio-8081-exec-1] Initializing Servlet 'dispatcherServlet'
2023-11-23 07:24:09,658 [INFO] org.springframework.web.servlet.DispatcherServlet [http-nio-8081-exec-1] Completed initialization in 0 ms
2023-11-23 07:24:09,707 [TRACE] com.upendra.student.controller.StudentCont [http-nio-8081-exec-1] getting by name
2023-11-23 07:24:09,707 [ERROR] com.upendra.student.controller.StudentCont [http-nio-8081-exec-1] An ERROR Message
2023-11-23 07:24:09,971 [INFO] org.mongodb.driver.connection [http-nio-8081-exec-1] Opened connection [connectionId{localValue:7, serverValue:14230}] to test-shard-00-01.hftd7.mongodb.net:27017
2023-11-23 07:24:17,914 [INFO] org.springdoc.api.AbstractOpenApiResource [http-nio-8081-exec-5] Init duration for springdoc-openapi is: 402 ms
2023-11-23 07:24:25,846 [TRACE] com.upendra.student.controller.StudentCont [http-nio-8081-exec-6] getting by name
2023-11-23 07:24:25,847 [ERROR] com.upendra.student.controller.StudentCont [http-nio-8081-exec-6] An ERROR Message
2023-11-23 07:24:26,757 [TRACE] com.upendra.student.controller.StudentCont [http-nio-8081-exec-7] getting by name
2023-11-23 07:24:26,758 [ERROR] com.upendra.student.controller.StudentCont [http-nio-8081-exec-7] An ERROR Message
2023-11-23 07:24:50,390 [TRACE] com.upendra.student.controller.StudentCont [http-nio-8081-exec-8] getting by name
2023-11-23 07:24:50,391 [ERROR] com.upendra.student.controller.StudentCont [http-nio-8081-exec-8] An ERROR Message
2023-11-23 07:24:51,355 [TRACE] com.upendra.student.controller.StudentCont [http-nio-8081-exec-9] getting by name
2023-11-23 07:24:51,355 [ERROR] com.upendra.student.controller.StudentCont [http-nio-8081-exec-9] An ERROR Message
2023-11-23 10:04:08,841 [INFO] org.mongodb.driver.cluster [cluster-ClusterId{value='655eb0b984667c6c6a57585d', description='null'}-test-shard-00-02.hftd7.mongodb.net:27017] Exception in monitor thread while connecting to server test-shard-00-02.hftd7.mongodb.net:27017
com.mongodb.MongoSocketReadTimeoutException: Timeout while receiving message
	at com.mongodb.internal.connection.InternalStreamConnection.translateReadException(InternalStreamConnection.java:696)
	at com.mongodb.internal.connection.InternalStreamConnection.receiveMessageWithAdditionalTimeout(InternalStreamConnection.java:574)
	at com.mongodb.internal.connection.InternalStreamConnection.receiveCommandMessageResponse(InternalStreamConnection.java:410)
	at com.mongodb.internal.connection.InternalStreamConnection.receive(InternalStreamConnection.java:369)
	at com.mongodb.internal.connection.DefaultServerMonitor$ServerMonitorRunnable.lookupServerDescription(DefaultServerMonitor.java:221)
	at com.mongodb.internal.connection.DefaultServerMonitor$ServerMonitorRunnable.run(DefaultServerMonitor.java:157)
	at java.base/java.lang.Thread.run(Thread.java:833)
Caused by: java.net.SocketTimeoutException: Read timed out
	at java.base/sun.nio.ch.NioSocketImpl.timedRead(NioSocketImpl.java:283)
	at java.base/sun.nio.ch.NioSocketImpl.implRead(NioSocketImpl.java:309)
	at java.base/sun.nio.ch.NioSocketImpl.read(NioSocketImpl.java:350)
	at java.base/sun.nio.ch.NioSocketImpl$1.read(NioSocketImpl.java:803)
	at java.base/java.net.Socket$SocketInputStream.read(Socket.java:966)
	at java.base/sun.security.ssl.SSLSocketInputRecord.read(SSLSocketInputRecord.java:484)
	at java.base/sun.security.ssl.SSLSocketInputRecord.readHeader(SSLSocketInputRecord.java:478)
	at java.base/sun.security.ssl.SSLSocketInputRecord.bytesInCompletePacket(SSLSocketInputRecord.java:70)
	at java.base/sun.security.ssl.SSLSocketImpl.readApplicationRecord(SSLSocketImpl.java:1465)
	at java.base/sun.security.ssl.SSLSocketImpl$AppInputStream.read(SSLSocketImpl.java:1069)
	at com.mongodb.internal.connection.SocketStream.read(SocketStream.java:110)
	at com.mongodb.internal.connection.SocketStream.read(SocketStream.java:135)
	at com.mongodb.internal.connection.InternalStreamConnection.receiveResponseBuffers(InternalStreamConnection.java:713)
	at com.mongodb.internal.connection.InternalStreamConnection.receiveMessageWithAdditionalTimeout(InternalStreamConnection.java:571)
	... 5 common frames omitted
2023-11-23 10:04:08,841 [INFO] org.mongodb.driver.cluster [cluster-ClusterId{value='655eb0b984667c6c6a57585d', description='null'}-test-shard-00-01.hftd7.mongodb.net:27017] Exception in monitor thread while connecting to server test-shard-00-01.hftd7.mongodb.net:27017
com.mongodb.MongoSocketReadTimeoutException: Timeout while receiving message
	at com.mongodb.internal.connection.InternalStreamConnection.translateReadException(InternalStreamConnection.java:696)
	at com.mongodb.internal.connection.InternalStreamConnection.receiveMessageWithAdditionalTimeout(InternalStreamConnection.java:574)
	at com.mongodb.internal.connection.InternalStreamConnection.receiveCommandMessageResponse(InternalStreamConnection.java:410)
	at com.mongodb.internal.connection.InternalStreamConnection.receive(InternalStreamConnection.java:369)
	at com.mongodb.internal.connection.DefaultServerMonitor$ServerMonitorRunnable.lookupServerDescription(DefaultServerMonitor.java:221)
	at com.mongodb.internal.connection.DefaultServerMonitor$ServerMonitorRunnable.run(DefaultServerMonitor.java:157)
	at java.base/java.lang.Thread.run(Thread.java:833)
Caused by: java.net.SocketTimeoutException: Read timed out
	at java.base/sun.nio.ch.NioSocketImpl.timedRead(NioSocketImpl.java:283)
	at java.base/sun.nio.ch.NioSocketImpl.implRead(NioSocketImpl.java:309)
	at java.base/sun.nio.ch.NioSocketImpl.read(NioSocketImpl.java:350)
	at java.base/sun.nio.ch.NioSocketImpl$1.read(NioSocketImpl.java:803)
	at java.base/java.net.Socket$SocketInputStream.read(Socket.java:966)
	at java.base/sun.security.ssl.SSLSocketInputRecord.read(SSLSocketInputRecord.java:484)
	at java.base/sun.security.ssl.SSLSocketInputRecord.readHeader(SSLSocketInputRecord.java:478)
	at java.base/sun.security.ssl.SSLSocketInputRecord.bytesInCompletePacket(SSLSocketInputRecord.java:70)
	at java.base/sun.security.ssl.SSLSocketImpl.readApplicationRecord(SSLSocketImpl.java:1465)
	at java.base/sun.security.ssl.SSLSocketImpl$AppInputStream.read(SSLSocketImpl.java:1069)
	at com.mongodb.internal.connection.SocketStream.read(SocketStream.java:110)
	at com.mongodb.internal.connection.SocketStream.read(SocketStream.java:135)
	at com.mongodb.internal.connection.InternalStreamConnection.receiveResponseBuffers(InternalStreamConnection.java:713)
	at com.mongodb.internal.connection.InternalStreamConnection.receiveMessageWithAdditionalTimeout(InternalStreamConnection.java:571)
	... 5 common frames omitted
2023-11-23 10:04:08,841 [INFO] org.mongodb.driver.cluster [cluster-ClusterId{value='655eb0b984667c6c6a57585d', description='null'}-test-shard-00-01.hftd7.mongodb.net:27017] Exception in monitor thread while connecting to server test-shard-00-01.hftd7.mongodb.net:27017
com.mongodb.MongoSocketException: No such host is known (test-shard-00-01.hftd7.mongodb.net)
	at com.mongodb.ServerAddress.getSocketAddresses(ServerAddress.java:217)
	at com.mongodb.internal.connection.SocketStream.initializeSocket(SocketStream.java:75)
	at com.mongodb.internal.connection.SocketStream.open(SocketStream.java:65)
	at com.mongodb.internal.connection.InternalStreamConnection.open(InternalStreamConnection.java:180)
	at com.mongodb.internal.connection.DefaultServerMonitor$ServerMonitorRunnable.lookupServerDescription(DefaultServerMonitor.java:193)
	at com.mongodb.internal.connection.DefaultServerMonitor$ServerMonitorRunnable.run(DefaultServerMonitor.java:157)
	at java.base/java.lang.Thread.run(Thread.java:833)
Caused by: java.net.UnknownHostException: No such host is known (test-shard-00-01.hftd7.mongodb.net)
	at java.base/java.net.Inet6AddressImpl.lookupAllHostAddr(Native Method)
	at java.base/java.net.InetAddress$PlatformNameService.lookupAllHostAddr(InetAddress.java:933)
	at java.base/java.net.InetAddress.getAddressesFromNameService(InetAddress.java:1534)
	at java.base/java.net.InetAddress$NameServiceAddresses.get(InetAddress.java:852)
	at java.base/java.net.InetAddress.getAllByName0(InetAddress.java:1524)
	at java.base/java.net.InetAddress.getAllByName(InetAddress.java:1381)
	at java.base/java.net.InetAddress.getAllByName(InetAddress.java:1305)
	at com.mongodb.ServerAddress.getSocketAddresses(ServerAddress.java:209)
	... 6 common frames omitted
2023-11-23 10:04:08,841 [INFO] org.mongodb.driver.cluster [cluster-ClusterId{value='655eb0b984667c6c6a57585d', description='null'}-test-shard-00-02.hftd7.mongodb.net:27017] Exception in monitor thread while connecting to server test-shard-00-02.hftd7.mongodb.net:27017
com.mongodb.MongoSocketException: No such host is known (test-shard-00-02.hftd7.mongodb.net)
	at com.mongodb.ServerAddress.getSocketAddresses(ServerAddress.java:217)
	at com.mongodb.internal.connection.SocketStream.initializeSocket(SocketStream.java:75)
	at com.mongodb.internal.connection.SocketStream.open(SocketStream.java:65)
	at com.mongodb.internal.connection.InternalStreamConnection.open(InternalStreamConnection.java:180)
	at com.mongodb.internal.connection.DefaultServerMonitor$ServerMonitorRunnable.lookupServerDescription(DefaultServerMonitor.java:193)
	at com.mongodb.internal.connection.DefaultServerMonitor$ServerMonitorRunnable.run(DefaultServerMonitor.java:157)
	at java.base/java.lang.Thread.run(Thread.java:833)
Caused by: java.net.UnknownHostException: No such host is known (test-shard-00-02.hftd7.mongodb.net)
	at java.base/java.net.Inet6AddressImpl.lookupAllHostAddr(Native Method)
	at java.base/java.net.InetAddress$PlatformNameService.lookupAllHostAddr(InetAddress.java:933)
	at java.base/java.net.InetAddress.getAddressesFromNameService(InetAddress.java:1534)
	at java.base/java.net.InetAddress$NameServiceAddresses.get(InetAddress.java:852)
	at java.base/java.net.InetAddress.getAllByName0(InetAddress.java:1524)
	at java.base/java.net.InetAddress.getAllByName(InetAddress.java:1381)
	at java.base/java.net.InetAddress.getAllByName(InetAddress.java:1305)
	at com.mongodb.ServerAddress.getSocketAddresses(ServerAddress.java:209)
	... 6 common frames omitted
2023-11-23 10:04:08,853 [INFO] org.mongodb.driver.cluster [cluster-ClusterId{value='655eb0b984667c6c6a57585d', description='null'}-test-shard-00-00.hftd7.mongodb.net:27017] Exception in monitor thread while connecting to server test-shard-00-00.hftd7.mongodb.net:27017
com.mongodb.MongoSocketReadTimeoutException: Timeout while receiving message
	at com.mongodb.internal.connection.InternalStreamConnection.translateReadException(InternalStreamConnection.java:696)
	at com.mongodb.internal.connection.InternalStreamConnection.receiveMessageWithAdditionalTimeout(InternalStreamConnection.java:574)
	at com.mongodb.internal.connection.InternalStreamConnection.receiveCommandMessageResponse(InternalStreamConnection.java:410)
	at com.mongodb.internal.connection.InternalStreamConnection.receive(InternalStreamConnection.java:369)
	at com.mongodb.internal.connection.DefaultServerMonitor$ServerMonitorRunnable.lookupServerDescription(DefaultServerMonitor.java:221)
	at com.mongodb.internal.connection.DefaultServerMonitor$ServerMonitorRunnable.run(DefaultServerMonitor.java:157)
	at java.base/java.lang.Thread.run(Thread.java:833)
Caused by: java.net.SocketTimeoutException: Read timed out
	at java.base/sun.nio.ch.NioSocketImpl.timedRead(NioSocketImpl.java:283)
	at java.base/sun.nio.ch.NioSocketImpl.implRead(NioSocketImpl.java:309)
	at java.base/sun.nio.ch.NioSocketImpl.read(NioSocketImpl.java:350)
	at java.base/sun.nio.ch.NioSocketImpl$1.read(NioSocketImpl.java:803)
	at java.base/java.net.Socket$SocketInputStream.read(Socket.java:966)
	at java.base/sun.security.ssl.SSLSocketInputRecord.read(SSLSocketInputRecord.java:484)
	at java.base/sun.security.ssl.SSLSocketInputRecord.readHeader(SSLSocketInputRecord.java:478)
	at java.base/sun.security.ssl.SSLSocketInputRecord.bytesInCompletePacket(SSLSocketInputRecord.java:70)
	at java.base/sun.security.ssl.SSLSocketImpl.readApplicationRecord(SSLSocketImpl.java:1465)
	at java.base/sun.security.ssl.SSLSocketImpl$AppInputStream.read(SSLSocketImpl.java:1069)
	at com.mongodb.internal.connection.SocketStream.read(SocketStream.java:110)
	at com.mongodb.internal.connection.SocketStream.read(SocketStream.java:135)
	at com.mongodb.internal.connection.InternalStreamConnection.receiveResponseBuffers(InternalStreamConnection.java:713)
	at com.mongodb.internal.connection.InternalStreamConnection.receiveMessageWithAdditionalTimeout(InternalStreamConnection.java:571)
	... 5 common frames omitted
2023-11-23 10:04:08,868 [INFO] org.mongodb.driver.cluster [cluster-ClusterId{value='655eb0b984667c6c6a57585d', description='null'}-test-shard-00-00.hftd7.mongodb.net:27017] Exception in monitor thread while connecting to server test-shard-00-00.hftd7.mongodb.net:27017
com.mongodb.MongoSocketException: test-shard-00-00.hftd7.mongodb.net
	at com.mongodb.ServerAddress.getSocketAddresses(ServerAddress.java:217)
	at com.mongodb.internal.connection.SocketStream.initializeSocket(SocketStream.java:75)
	at com.mongodb.internal.connection.SocketStream.open(SocketStream.java:65)
	at com.mongodb.internal.connection.InternalStreamConnection.open(InternalStreamConnection.java:180)
	at com.mongodb.internal.connection.DefaultServerMonitor$ServerMonitorRunnable.lookupServerDescription(DefaultServerMonitor.java:193)
	at com.mongodb.internal.connection.DefaultServerMonitor$ServerMonitorRunnable.run(DefaultServerMonitor.java:157)
	at java.base/java.lang.Thread.run(Thread.java:833)
Caused by: java.net.UnknownHostException: test-shard-00-00.hftd7.mongodb.net
	at java.base/java.net.InetAddress$CachedAddresses.get(InetAddress.java:801)
	at java.base/java.net.InetAddress.getAllByName0(InetAddress.java:1524)
	at java.base/java.net.InetAddress.getAllByName(InetAddress.java:1381)
	at java.base/java.net.InetAddress.getAllByName(InetAddress.java:1305)
	at com.mongodb.ServerAddress.getSocketAddresses(ServerAddress.java:209)
	... 6 common frames omitted
2023-11-23 10:04:18,886 [INFO] org.mongodb.driver.cluster [cluster-ClusterId{value='655eb0b984667c6c6a57585d', description='null'}-test-shard-00-02.hftd7.mongodb.net:27017] Exception in monitor thread while connecting to server test-shard-00-02.hftd7.mongodb.net:27017
com.mongodb.MongoSocketException: test-shard-00-02.hftd7.mongodb.net
	at com.mongodb.ServerAddress.getSocketAddresses(ServerAddress.java:217)
	at com.mongodb.internal.connection.SocketStream.initializeSocket(SocketStream.java:75)
	at com.mongodb.internal.connection.SocketStream.open(SocketStream.java:65)
	at com.mongodb.internal.connection.InternalStreamConnection.open(InternalStreamConnection.java:180)
	at com.mongodb.internal.connection.DefaultServerMonitor$ServerMonitorRunnable.lookupServerDescription(DefaultServerMonitor.java:193)
	at com.mongodb.internal.connection.DefaultServerMonitor$ServerMonitorRunnable.run(DefaultServerMonitor.java:157)
	at java.base/java.lang.Thread.run(Thread.java:833)
Caused by: java.net.UnknownHostException: test-shard-00-02.hftd7.mongodb.net
	at java.base/java.net.InetAddress$CachedAddresses.get(InetAddress.java:801)
	at java.base/java.net.InetAddress.getAllByName0(InetAddress.java:1524)
	at java.base/java.net.InetAddress.getAllByName(InetAddress.java:1381)
	at java.base/java.net.InetAddress.getAllByName(InetAddress.java:1305)
	at com.mongodb.ServerAddress.getSocketAddresses(ServerAddress.java:209)
	... 6 common frames omitted
2023-11-23 10:04:28,867 [INFO] org.mongodb.driver.cluster [cluster-ClusterId{value='655eb0b984667c6c6a57585d', description='null'}-test-shard-00-01.hftd7.mongodb.net:27017] Exception in monitor thread while connecting to server test-shard-00-01.hftd7.mongodb.net:27017
com.mongodb.MongoSocketException: test-shard-00-01.hftd7.mongodb.net
	at com.mongodb.ServerAddress.getSocketAddresses(ServerAddress.java:217)
	at com.mongodb.internal.connection.SocketStream.initializeSocket(SocketStream.java:75)
	at com.mongodb.internal.connection.SocketStream.open(SocketStream.java:65)
	at com.mongodb.internal.connection.InternalStreamConnection.open(InternalStreamConnection.java:180)
	at com.mongodb.internal.connection.DefaultServerMonitor$ServerMonitorRunnable.lookupServerDescription(DefaultServerMonitor.java:193)
	at com.mongodb.internal.connection.DefaultServerMonitor$ServerMonitorRunnable.run(DefaultServerMonitor.java:157)
	at java.base/java.lang.Thread.run(Thread.java:833)
Caused by: java.net.UnknownHostException: test-shard-00-01.hftd7.mongodb.net
	at java.base/java.net.InetAddress$CachedAddresses.get(InetAddress.java:801)
	at java.base/java.net.InetAddress$NameServiceAddresses.get(InetAddress.java:887)
	at java.base/java.net.InetAddress.getAllByName0(InetAddress.java:1524)
	at java.base/java.net.InetAddress.getAllByName(InetAddress.java:1381)
	at java.base/java.net.InetAddress.getAllByName(InetAddress.java:1305)
	at com.mongodb.ServerAddress.getSocketAddresses(ServerAddress.java:209)
	... 6 common frames omitted
2023-11-23 10:04:28,899 [INFO] org.mongodb.driver.cluster [cluster-ClusterId{value='655eb0b984667c6c6a57585d', description='null'}-test-shard-00-02.hftd7.mongodb.net:27017] Exception in monitor thread while connecting to server test-shard-00-02.hftd7.mongodb.net:27017
com.mongodb.MongoSocketException: No such host is known (test-shard-00-02.hftd7.mongodb.net)
	at com.mongodb.ServerAddress.getSocketAddresses(ServerAddress.java:217)
	at com.mongodb.internal.connection.SocketStream.initializeSocket(SocketStream.java:75)
	at com.mongodb.internal.connection.SocketStream.open(SocketStream.java:65)
	at com.mongodb.internal.connection.InternalStreamConnection.open(InternalStreamConnection.java:180)
	at com.mongodb.internal.connection.DefaultServerMonitor$ServerMonitorRunnable.lookupServerDescription(DefaultServerMonitor.java:193)
	at com.mongodb.internal.connection.DefaultServerMonitor$ServerMonitorRunnable.run(DefaultServerMonitor.java:157)
	at java.base/java.lang.Thread.run(Thread.java:833)
Caused by: java.net.UnknownHostException: No such host is known (test-shard-00-02.hftd7.mongodb.net)
	at java.base/java.net.Inet6AddressImpl.lookupAllHostAddr(Native Method)
	at java.base/java.net.InetAddress$PlatformNameService.lookupAllHostAddr(InetAddress.java:933)
	at java.base/java.net.InetAddress.getAddressesFromNameService(InetAddress.java:1534)
	at java.base/java.net.InetAddress$NameServiceAddresses.get(InetAddress.java:852)
	at java.base/java.net.InetAddress.getAllByName0(InetAddress.java:1524)
	at java.base/java.net.InetAddress.getAllByName(InetAddress.java:1381)
	at java.base/java.net.InetAddress.getAllByName(InetAddress.java:1305)
	at com.mongodb.ServerAddress.getSocketAddresses(ServerAddress.java:209)
	... 6 common frames omitted
2023-11-23 10:04:28,901 [INFO] org.mongodb.driver.cluster [cluster-ClusterId{value='655eb0b984667c6c6a57585d', description='null'}-test-shard-00-00.hftd7.mongodb.net:27017] Exception in monitor thread while connecting to server test-shard-00-00.hftd7.mongodb.net:27017
com.mongodb.MongoSocketException: No such host is known (test-shard-00-00.hftd7.mongodb.net)
	at com.mongodb.ServerAddress.getSocketAddresses(ServerAddress.java:217)
	at com.mongodb.internal.connection.SocketStream.initializeSocket(SocketStream.java:75)
	at com.mongodb.internal.connection.SocketStream.open(SocketStream.java:65)
	at com.mongodb.internal.connection.InternalStreamConnection.open(InternalStreamConnection.java:180)
	at com.mongodb.internal.connection.DefaultServerMonitor$ServerMonitorRunnable.lookupServerDescription(DefaultServerMonitor.java:193)
	at com.mongodb.internal.connection.DefaultServerMonitor$ServerMonitorRunnable.run(DefaultServerMonitor.java:157)
	at java.base/java.lang.Thread.run(Thread.java:833)
Caused by: java.net.UnknownHostException: No such host is known (test-shard-00-00.hftd7.mongodb.net)
	at java.base/java.net.Inet6AddressImpl.lookupAllHostAddr(Native Method)
	at java.base/java.net.InetAddress$PlatformNameService.lookupAllHostAddr(InetAddress.java:933)
	at java.base/java.net.InetAddress.getAddressesFromNameService(InetAddress.java:1534)
	at java.base/java.net.InetAddress$NameServiceAddresses.get(InetAddress.java:852)
	at java.base/java.net.InetAddress.getAllByName0(InetAddress.java:1524)
	at java.base/java.net.InetAddress.getAllByName(InetAddress.java:1381)
	at java.base/java.net.InetAddress.getAllByName(InetAddress.java:1305)
	at com.mongodb.ServerAddress.getSocketAddresses(ServerAddress.java:209)
	... 6 common frames omitted
2023-11-23 10:04:48,889 [INFO] org.mongodb.driver.cluster [cluster-ClusterId{value='655eb0b984667c6c6a57585d', description='null'}-test-shard-00-01.hftd7.mongodb.net:27017] Exception in monitor thread while connecting to server test-shard-00-01.hftd7.mongodb.net:27017
com.mongodb.MongoSocketException: No such host is known (test-shard-00-01.hftd7.mongodb.net)
	at com.mongodb.ServerAddress.getSocketAddresses(ServerAddress.java:217)
	at com.mongodb.internal.connection.SocketStream.initializeSocket(SocketStream.java:75)
	at com.mongodb.internal.connection.SocketStream.open(SocketStream.java:65)
	at com.mongodb.internal.connection.InternalStreamConnection.open(InternalStreamConnection.java:180)
	at com.mongodb.internal.connection.DefaultServerMonitor$ServerMonitorRunnable.lookupServerDescription(DefaultServerMonitor.java:193)
	at com.mongodb.internal.connection.DefaultServerMonitor$ServerMonitorRunnable.run(DefaultServerMonitor.java:157)
	at java.base/java.lang.Thread.run(Thread.java:833)
Caused by: java.net.UnknownHostException: No such host is known (test-shard-00-01.hftd7.mongodb.net)
	at java.base/java.net.Inet6AddressImpl.lookupAllHostAddr(Native Method)
	at java.base/java.net.InetAddress$PlatformNameService.lookupAllHostAddr(InetAddress.java:933)
	at java.base/java.net.InetAddress.getAddressesFromNameService(InetAddress.java:1534)
	at java.base/java.net.InetAddress$NameServiceAddresses.get(InetAddress.java:852)
	at java.base/java.net.InetAddress.getAllByName0(InetAddress.java:1524)
	at java.base/java.net.InetAddress.getAllByName(InetAddress.java:1381)
	at java.base/java.net.InetAddress.getAllByName(InetAddress.java:1305)
	at com.mongodb.ServerAddress.getSocketAddresses(ServerAddress.java:209)
	... 6 common frames omitted
2023-11-23 10:05:09,048 [INFO] org.mongodb.driver.connection [cluster-ClusterId{value='655eb0b984667c6c6a57585d', description='null'}-test-shard-00-01.hftd7.mongodb.net:27017] Opened connection [connectionId{localValue:47, serverValue:17001}] to test-shard-00-01.hftd7.mongodb.net:27017
2023-11-23 10:05:09,048 [INFO] org.mongodb.driver.cluster [cluster-ClusterId{value='655eb0b984667c6c6a57585d', description='null'}-test-shard-00-01.hftd7.mongodb.net:27017] Monitor thread successfully connected to server with description ServerDescription{address=test-shard-00-01.hftd7.mongodb.net:27017, type=REPLICA_SET_PRIMARY, state=CONNECTED, ok=true, minWireVersion=0, maxWireVersion=17, maxDocumentSize=16777216, logicalSessionTimeoutMinutes=30, roundTripTimeNanos=48236700, setName='atlas-w4167a-shard-0', canonicalAddress=test-shard-00-01.hftd7.mongodb.net:27017, hosts=[test-shard-00-00.hftd7.mongodb.net:27017, test-shard-00-01.hftd7.mongodb.net:27017, test-shard-00-02.hftd7.mongodb.net:27017], passives=[], arbiters=[], primary='test-shard-00-01.hftd7.mongodb.net:27017', tagSet=TagSet{[Tag{name='availabilityZone', value='aps1-az3'}, Tag{name='nodeType', value='ELECTABLE'}, Tag{name='provider', value='AWS'}, Tag{name='region', value='AP_SOUTH_1'}, Tag{name='workloadType', value='OPERATIONAL'}]}, electionId=7fffffff0000000000000007, setVersion=1, topologyVersion=TopologyVersion{processId=655e35722a7c9ddd64447e58, counter=6}, lastWriteDate=Thu Nov 23 10:05:08 IST 2023, lastUpdateTimeNanos=87182139767300}
2023-11-23 10:05:09,048 [INFO] org.mongodb.driver.cluster [cluster-ClusterId{value='655eb0b984667c6c6a57585d', description='null'}-test-shard-00-01.hftd7.mongodb.net:27017] Discovered replica set primary test-shard-00-01.hftd7.mongodb.net:27017
2023-11-23 10:05:09,048 [INFO] org.mongodb.driver.connection [cluster-ClusterId{value='655eb0b984667c6c6a57585d', description='null'}-test-shard-00-02.hftd7.mongodb.net:27017] Opened connection [connectionId{localValue:48, serverValue:13875}] to test-shard-00-02.hftd7.mongodb.net:27017
2023-11-23 10:05:09,048 [INFO] org.mongodb.driver.cluster [cluster-ClusterId{value='655eb0b984667c6c6a57585d', description='null'}-test-shard-00-02.hftd7.mongodb.net:27017] Monitor thread successfully connected to server with description ServerDescription{address=test-shard-00-02.hftd7.mongodb.net:27017, type=REPLICA_SET_SECONDARY, state=CONNECTED, ok=true, minWireVersion=0, maxWireVersion=17, maxDocumentSize=16777216, logicalSessionTimeoutMinutes=30, roundTripTimeNanos=49422700, setName='atlas-w4167a-shard-0', canonicalAddress=test-shard-00-02.hftd7.mongodb.net:27017, hosts=[test-shard-00-00.hftd7.mongodb.net:27017, test-shard-00-01.hftd7.mongodb.net:27017, test-shard-00-02.hftd7.mongodb.net:27017], passives=[], arbiters=[], primary='test-shard-00-01.hftd7.mongodb.net:27017', tagSet=TagSet{[Tag{name='availabilityZone', value='aps1-az2'}, Tag{name='nodeType', value='ELECTABLE'}, Tag{name='provider', value='AWS'}, Tag{name='region', value='AP_SOUTH_1'}, Tag{name='workloadType', value='OPERATIONAL'}]}, electionId=null, setVersion=1, topologyVersion=TopologyVersion{processId=655e367b3c4042f1feac1ce3, counter=3}, lastWriteDate=Thu Nov 23 10:05:08 IST 2023, lastUpdateTimeNanos=87182145815000}
2023-11-23 10:05:09,095 [INFO] org.mongodb.driver.connection [cluster-ClusterId{value='655eb0b984667c6c6a57585d', description='null'}-test-shard-00-00.hftd7.mongodb.net:27017] Opened connection [connectionId{localValue:49, serverValue:16365}] to test-shard-00-00.hftd7.mongodb.net:27017
2023-11-23 10:05:09,095 [INFO] org.mongodb.driver.cluster [cluster-ClusterId{value='655eb0b984667c6c6a57585d', description='null'}-test-shard-00-00.hftd7.mongodb.net:27017] Monitor thread successfully connected to server with description ServerDescription{address=test-shard-00-00.hftd7.mongodb.net:27017, type=REPLICA_SET_SECONDARY, state=CONNECTED, ok=true, minWireVersion=0, maxWireVersion=17, maxDocumentSize=16777216, logicalSessionTimeoutMinutes=30, roundTripTimeNanos=60913200, setName='atlas-w4167a-shard-0', canonicalAddress=test-shard-00-00.hftd7.mongodb.net:27017, hosts=[test-shard-00-00.hftd7.mongodb.net:27017, test-shard-00-01.hftd7.mongodb.net:27017, test-shard-00-02.hftd7.mongodb.net:27017], passives=[], arbiters=[], primary='test-shard-00-01.hftd7.mongodb.net:27017', tagSet=TagSet{[Tag{name='availabilityZone', value='aps1-az1'}, Tag{name='nodeType', value='ELECTABLE'}, Tag{name='provider', value='AWS'}, Tag{name='region', value='AP_SOUTH_1'}, Tag{name='workloadType', value='OPERATIONAL'}]}, electionId=null, setVersion=1, topologyVersion=TopologyVersion{processId=655e347518ca01fbddb2f7de, counter=4}, lastWriteDate=Thu Nov 23 10:05:08 IST 2023, lastUpdateTimeNanos=87182200071200}
2023-11-23 10:05:18,968 [INFO] org.mongodb.driver.connection [cluster-rtt-ClusterId{value='655eb0b984667c6c6a57585d', description='null'}-test-shard-00-02.hftd7.mongodb.net:27017] Opened connection [connectionId{localValue:51, serverValue:13877}] to test-shard-00-02.hftd7.mongodb.net:27017
2023-11-23 10:05:18,968 [INFO] org.mongodb.driver.connection [cluster-rtt-ClusterId{value='655eb0b984667c6c6a57585d', description='null'}-test-shard-00-00.hftd7.mongodb.net:27017] Opened connection [connectionId{localValue:50, serverValue:16367}] to test-shard-00-00.hftd7.mongodb.net:27017
2023-11-23 10:05:18,984 [INFO] org.mongodb.driver.connection [cluster-rtt-ClusterId{value='655eb0b984667c6c6a57585d', description='null'}-test-shard-00-01.hftd7.mongodb.net:27017] Opened connection [connectionId{localValue:52, serverValue:17039}] to test-shard-00-01.hftd7.mongodb.net:27017
2023-11-23 10:13:42,784 [INFO] org.springframework.boot.admin.SpringApplicationAdminMXBeanRegistrar$SpringApplicationAdmin [RMI TCP Connection(30)-127.0.0.1] Application shutdown requested.
2023-11-23 10:13:42,805 [INFO] org.apache.catalina.core.StandardService [RMI TCP Connection(30)-127.0.0.1] Stopping service [Tomcat]
2023-11-23 10:13:42,827 [INFO] org.apache.catalina.core.ContainerBase.[Tomcat].[localhost].[/] [RMI TCP Connection(30)-127.0.0.1] Destroying Spring FrameworkServlet 'dispatcherServlet'
2023-11-23 10:13:43,080 [INFO] org.mongodb.driver.connection [RMI TCP Connection(30)-127.0.0.1] Opened connection [connectionId{localValue:53, serverValue:17190}] to test-shard-00-01.hftd7.mongodb.net:27017
2023-11-23 10:13:47,104 [INFO] com.upendra.student.StudentApplication [main] Starting StudentApplication using Java 17.0.6 on inlen8520043807 with PID 13840 (C:\Java NOV 20\Student\target\classes started by urambark in C:\Java NOV 20\Student)
2023-11-23 10:13:47,110 [DEBUG] com.upendra.student.StudentApplication [main] Running with Spring Boot v2.7.11-SNAPSHOT, Spring v5.3.27
2023-11-23 10:13:47,111 [INFO] com.upendra.student.StudentApplication [main] No active profile set, falling back to 1 default profile: "default"
2023-11-23 10:13:48,168 [INFO] org.springframework.data.repository.config.RepositoryConfigurationDelegate [main] Bootstrapping Spring Data MongoDB repositories in DEFAULT mode.
2023-11-23 10:13:48,254 [INFO] org.springframework.data.repository.config.RepositoryConfigurationDelegate [main] Finished Spring Data repository scanning in 75 ms. Found 1 MongoDB repository interfaces.
2023-11-23 10:13:49,002 [INFO] org.springframework.boot.web.embedded.tomcat.TomcatWebServer [main] Tomcat initialized with port(s): 8081 (http)
2023-11-23 10:13:49,022 [INFO] org.apache.catalina.core.StandardService [main] Starting service [Tomcat]
2023-11-23 10:13:49,022 [INFO] org.apache.catalina.core.StandardEngine [main] Starting Servlet engine: [Apache Tomcat/9.0.74]
2023-11-23 10:13:49,246 [INFO] org.apache.catalina.core.ContainerBase.[Tomcat].[localhost].[/] [main] Initializing Spring embedded WebApplicationContext
2023-11-23 10:13:49,247 [INFO] org.springframework.boot.web.servlet.context.ServletWebServerApplicationContext [main] Root WebApplicationContext: initialization completed in 2033 ms
2023-11-23 10:13:49,576 [INFO] org.mongodb.driver.client [main] MongoClient with metadata {"driver": {"name": "mongo-java-driver|sync|spring-boot", "version": "4.6.1"}, "os": {"type": "Windows", "name": "Windows 11", "architecture": "amd64", "version": "10.0"}, "platform": "Java/Eclipse Adoptium/17.0.6+10"} created with settings MongoClientSettings{readPreference=primary, writeConcern=WriteConcern{w=null, wTimeout=null ms, journal=null}, retryWrites=true, retryReads=true, readConcern=ReadConcern{level=null}, credential=MongoCredential{mechanism=null, userName='upendrarambarki', source='admin', password=<hidden>, mechanismProperties=<hidden>}, streamFactoryFactory=null, commandListeners=[], codecRegistry=ProvidersCodecRegistry{codecProviders=[ValueCodecProvider{}, BsonValueCodecProvider{}, DBRefCodecProvider{}, DBObjectCodecProvider{}, DocumentCodecProvider{}, IterableCodecProvider{}, MapCodecProvider{}, GeoJsonCodecProvider{}, GridFSFileCodecProvider{}, Jsr310CodecProvider{}, JsonObjectCodecProvider{}, BsonCodecProvider{}, EnumCodecProvider{}, com.mongodb.Jep395RecordCodecProvider@7f353a0f]}, clusterSettings={hosts=[127.0.0.1:27017], srvHost=test.hftd7.mongodb.net, srvServiceName=mongodb, mode=MULTIPLE, requiredClusterType=REPLICA_SET, requiredReplicaSetName='atlas-w4167a-shard-0', serverSelector='null', clusterListeners='[]', serverSelectionTimeout='30000 ms', localThreshold='30000 ms'}, socketSettings=SocketSettings{connectTimeoutMS=10000, readTimeoutMS=0, receiveBufferSize=0, sendBufferSize=0}, heartbeatSocketSettings=SocketSettings{connectTimeoutMS=10000, readTimeoutMS=10000, receiveBufferSize=0, sendBufferSize=0}, connectionPoolSettings=ConnectionPoolSettings{maxSize=100, minSize=0, maxWaitTimeMS=120000, maxConnectionLifeTimeMS=0, maxConnectionIdleTimeMS=0, maintenanceInitialDelayMS=0, maintenanceFrequencyMS=60000, connectionPoolListeners=[], maxConnecting=2}, serverSettings=ServerSettings{heartbeatFrequencyMS=10000, minHeartbeatFrequencyMS=500, serverListeners='[]', serverMonitorListeners='[]'}, sslSettings=SslSettings{enabled=true, invalidHostNameAllowed=false, context=null}, applicationName='null', compressorList=[], uuidRepresentation=JAVA_LEGACY, serverApi=null, autoEncryptionSettings=null, contextProvider=null}
2023-11-23 10:13:49,588 [INFO] org.mongodb.driver.cluster [cluster-ClusterId{value='655ed8856517c2066c5b35a5', description='null'}-srv-test.hftd7.mongodb.net] Adding discovered server test-shard-00-01.hftd7.mongodb.net:27017 to client view of cluster
2023-11-23 10:13:49,614 [INFO] org.mongodb.driver.cluster [cluster-ClusterId{value='655ed8856517c2066c5b35a5', description='null'}-srv-test.hftd7.mongodb.net] Adding discovered server test-shard-00-00.hftd7.mongodb.net:27017 to client view of cluster
2023-11-23 10:13:49,616 [INFO] org.mongodb.driver.cluster [cluster-ClusterId{value='655ed8856517c2066c5b35a5', description='null'}-srv-test.hftd7.mongodb.net] Adding discovered server test-shard-00-02.hftd7.mongodb.net:27017 to client view of cluster
2023-11-23 10:13:50,239 [INFO] org.mongodb.driver.connection [cluster-rtt-ClusterId{value='655ed8856517c2066c5b35a5', description='null'}-test-shard-00-01.hftd7.mongodb.net:27017] Opened connection [connectionId{localValue:2, serverValue:17242}] to test-shard-00-01.hftd7.mongodb.net:27017
2023-11-23 10:13:50,239 [INFO] org.mongodb.driver.connection [cluster-ClusterId{value='655ed8856517c2066c5b35a5', description='null'}-test-shard-00-02.hftd7.mongodb.net:27017] Opened connection [connectionId{localValue:5, serverValue:14059}] to test-shard-00-02.hftd7.mongodb.net:27017
2023-11-23 10:13:50,239 [INFO] org.mongodb.driver.connection [cluster-rtt-ClusterId{value='655ed8856517c2066c5b35a5', description='null'}-test-shard-00-00.hftd7.mongodb.net:27017] Opened connection [connectionId{localValue:4, serverValue:16543}] to test-shard-00-00.hftd7.mongodb.net:27017
2023-11-23 10:13:50,239 [INFO] org.mongodb.driver.connection [cluster-ClusterId{value='655ed8856517c2066c5b35a5', description='null'}-test-shard-00-00.hftd7.mongodb.net:27017] Opened connection [connectionId{localValue:6, serverValue:16543}] to test-shard-00-00.hftd7.mongodb.net:27017
2023-11-23 10:13:50,239 [INFO] org.mongodb.driver.connection [cluster-rtt-ClusterId{value='655ed8856517c2066c5b35a5', description='null'}-test-shard-00-02.hftd7.mongodb.net:27017] Opened connection [connectionId{localValue:3, serverValue:14059}] to test-shard-00-02.hftd7.mongodb.net:27017
2023-11-23 10:13:50,239 [INFO] org.mongodb.driver.connection [cluster-ClusterId{value='655ed8856517c2066c5b35a5', description='null'}-test-shard-00-01.hftd7.mongodb.net:27017] Opened connection [connectionId{localValue:1, serverValue:17242}] to test-shard-00-01.hftd7.mongodb.net:27017
2023-11-23 10:13:50,241 [INFO] org.mongodb.driver.cluster [cluster-ClusterId{value='655ed8856517c2066c5b35a5', description='null'}-test-shard-00-00.hftd7.mongodb.net:27017] Monitor thread successfully connected to server with description ServerDescription{address=test-shard-00-00.hftd7.mongodb.net:27017, type=REPLICA_SET_SECONDARY, state=CONNECTED, ok=true, minWireVersion=0, maxWireVersion=17, maxDocumentSize=16777216, logicalSessionTimeoutMinutes=30, roundTripTimeNanos=309554400, setName='atlas-w4167a-shard-0', canonicalAddress=test-shard-00-00.hftd7.mongodb.net:27017, hosts=[test-shard-00-00.hftd7.mongodb.net:27017, test-shard-00-01.hftd7.mongodb.net:27017, test-shard-00-02.hftd7.mongodb.net:27017], passives=[], arbiters=[], primary='test-shard-00-01.hftd7.mongodb.net:27017', tagSet=TagSet{[Tag{name='availabilityZone', value='aps1-az1'}, Tag{name='nodeType', value='ELECTABLE'}, Tag{name='provider', value='AWS'}, Tag{name='region', value='AP_SOUTH_1'}, Tag{name='workloadType', value='OPERATIONAL'}]}, electionId=null, setVersion=1, topologyVersion=TopologyVersion{processId=655e347518ca01fbddb2f7de, counter=4}, lastWriteDate=Thu Nov 23 10:13:50 IST 2023, lastUpdateTimeNanos=87703397369500}
2023-11-23 10:13:50,241 [INFO] org.mongodb.driver.cluster [cluster-ClusterId{value='655ed8856517c2066c5b35a5', description='null'}-test-shard-00-02.hftd7.mongodb.net:27017] Monitor thread successfully connected to server with description ServerDescription{address=test-shard-00-02.hftd7.mongodb.net:27017, type=REPLICA_SET_SECONDARY, state=CONNECTED, ok=true, minWireVersion=0, maxWireVersion=17, maxDocumentSize=16777216, logicalSessionTimeoutMinutes=30, roundTripTimeNanos=306969500, setName='atlas-w4167a-shard-0', canonicalAddress=test-shard-00-02.hftd7.mongodb.net:27017, hosts=[test-shard-00-00.hftd7.mongodb.net:27017, test-shard-00-01.hftd7.mongodb.net:27017, test-shard-00-02.hftd7.mongodb.net:27017], passives=[], arbiters=[], primary='test-shard-00-01.hftd7.mongodb.net:27017', tagSet=TagSet{[Tag{name='availabilityZone', value='aps1-az2'}, Tag{name='nodeType', value='ELECTABLE'}, Tag{name='provider', value='AWS'}, Tag{name='region', value='AP_SOUTH_1'}, Tag{name='workloadType', value='OPERATIONAL'}]}, electionId=null, setVersion=1, topologyVersion=TopologyVersion{processId=655e367b3c4042f1feac1ce3, counter=3}, lastWriteDate=Thu Nov 23 10:13:50 IST 2023, lastUpdateTimeNanos=87703397375000}
2023-11-23 10:13:50,241 [INFO] org.mongodb.driver.cluster [cluster-ClusterId{value='655ed8856517c2066c5b35a5', description='null'}-test-shard-00-01.hftd7.mongodb.net:27017] Monitor thread successfully connected to server with description ServerDescription{address=test-shard-00-01.hftd7.mongodb.net:27017, type=REPLICA_SET_PRIMARY, state=CONNECTED, ok=true, minWireVersion=0, maxWireVersion=17, maxDocumentSize=16777216, logicalSessionTimeoutMinutes=30, roundTripTimeNanos=309618400, setName='atlas-w4167a-shard-0', canonicalAddress=test-shard-00-01.hftd7.mongodb.net:27017, hosts=[test-shard-00-00.hftd7.mongodb.net:27017, test-shard-00-01.hftd7.mongodb.net:27017, test-shard-00-02.hftd7.mongodb.net:27017], passives=[], arbiters=[], primary='test-shard-00-01.hftd7.mongodb.net:27017', tagSet=TagSet{[Tag{name='availabilityZone', value='aps1-az3'}, Tag{name='nodeType', value='ELECTABLE'}, Tag{name='provider', value='AWS'}, Tag{name='region', value='AP_SOUTH_1'}, Tag{name='workloadType', value='OPERATIONAL'}]}, electionId=7fffffff0000000000000007, setVersion=1, topologyVersion=TopologyVersion{processId=655e35722a7c9ddd64447e58, counter=6}, lastWriteDate=Thu Nov 23 10:13:50 IST 2023, lastUpdateTimeNanos=87703397447900}
2023-11-23 10:13:50,247 [INFO] org.mongodb.driver.cluster [cluster-ClusterId{value='655ed8856517c2066c5b35a5', description='null'}-test-shard-00-01.hftd7.mongodb.net:27017] Setting max election id to 7fffffff0000000000000007 from replica set primary test-shard-00-01.hftd7.mongodb.net:27017
2023-11-23 10:13:50,248 [INFO] org.mongodb.driver.cluster [cluster-ClusterId{value='655ed8856517c2066c5b35a5', description='null'}-test-shard-00-01.hftd7.mongodb.net:27017] Setting max set version to 1 from replica set primary test-shard-00-01.hftd7.mongodb.net:27017
2023-11-23 10:13:50,249 [INFO] org.mongodb.driver.cluster [cluster-ClusterId{value='655ed8856517c2066c5b35a5', description='null'}-test-shard-00-01.hftd7.mongodb.net:27017] Discovered replica set primary test-shard-00-01.hftd7.mongodb.net:27017
2023-11-23 10:13:51,524 [INFO] org.springframework.boot.web.embedded.tomcat.TomcatWebServer [main] Tomcat started on port(s): 8081 (http) with context path ''
2023-11-23 10:13:51,538 [INFO] com.upendra.student.StudentApplication [main] Started StudentApplication in 5.083 seconds (JVM running for 6.503)
